<?xml version="1.0" encoding="UTF-8"?>
<!-- Generated by org.testng.reporters.JUnitReportReporter -->
<testsuite hostname="DESKTOP-ERE5TM4" failures="0" tests="3" name="HomePage.HomePageTestCases" time="0.154" errors="0" timestamp="2024-03-26T02:51:22 EET" skipped="0">
  <testcase classname="HomePage.HomePageTestCases" name="CheckTheContactNumber" time="0.065"/>
  <system-out/>
  <testcase classname="HomePage.HomePageTestCases" name="CheckTheDefaultCurrency" time="0.051"/>
  <system-out/>
  <testcase classname="HomePage.HomePageTestCases" name="CheckTheDefaultLanguageIsEnglish" time="0.038"/>
  <system-out/>
</testsuite> <!-- HomePage.HomePageTestCases -->
